Nvectensis.XP_001634249.2
Nvectensis.XP_032239568.1
Nvectensis.XP_001634248.1
Bbelcheri.XP_019632224.1
Myessoensis.XP_021345157.1
Aplanci.XP_022082157.1
Myessoensis.XP_021345158.1
Bbelcheri.XP_019632171.1
Hsapiens.NP_061826.1
Bbelcheri.XP_019632226.1
Bbelcheri.XP_019632225.1
Hsapiens.NP_002132.3
Hsapiens.NP_061975.2
Hsapiens.NP_002138.1
Hsapiens.NP_008829.3
Myessoensis.XP_021345143.1
Hsapiens.NP_705895.1
Hsapiens.NP_061825.2
Hsapiens.NP_055436.2
Myessoensis.XP_021356577.1
Aplanci.XP_022108014.1
Hsapiens.NP_076920.1
Hsapiens.NP_705897.1
Hsapiens.NP_001371678.1
Aplanci.XP_022082122.1
Hsapiens.NP_008827.2
Aplanci.XP_022081988.1
Hsapiens.NP_076919.1
Bbelcheri.XP_019625106.1
Bbelcheri.XP_019632164.1
Hsapiens.NP_000200.1
Nvectensis.XP_032222624.1
Dgigantea.XP_028396957.1
Myessoensis.XP_021345097.1
Myessoensis.XP_021345173.1
Hsapiens.NP_005513.2
Hsapiens.NP_002136.1
Myessoensis.XP_021345165.1
Nvectensis.XP_032218287.1
Hsapiens.NP_004493.3
Dgigantea.XP_028391349.1
Hsapiens.NP_004494.1
Hsapiens.NP_006726.1
Bbelcheri.XP_019632236.1
Bbelcheri.XP_019632172.1
Hsapiens.NP_076921.1
Bbelcheri.XP_019632097.1
Aplanci.XP_022081986.1
Nvectensis.XP_001641625.2
Dgigantea.XP_028410064.1
Aplanci.XP_022082115.1
